<?xml version="1.0" encoding="UTF-8"?>
<!-- Generated by org.testng.reporters.JUnitReportReporter -->
<testsuite hostname="LAPTOP-0UT6NCQI" failures="0" tests="1" name="practice.Dummycls" time="0.012" errors="0" timestamp="2023-07-11T17:53:22 IST" skipped="0">
  <testcase classname="practice.Dummycls" name="login" time="0.012"/>
  <system-out/>
</testsuite> <!-- practice.Dummycls -->
